C:\USERS\ALYX FERRARI\DOCUMENTS\GITHUB\XENONCSE2\XENONCSE2\RELEASE_LTCG\ARMSITEM.OBJ
C:\USERS\ALYX FERRARI\DOCUMENTS\GITHUB\XENONCSE2\XENONCSE2\RELEASE_LTCG\BACK.OBJ
C:\USERS\ALYX FERRARI\DOCUMENTS\GITHUB\XENONCSE2\XENONCSE2\RELEASE_LTCG\BITMAP.OBJ
C:\USERS\ALYX FERRARI\DOCUMENTS\GITHUB\XENONCSE2\XENONCSE2\RELEASE_LTCG\BOSS.OBJ
C:\USERS\ALYX FERRARI\DOCUMENTS\GITHUB\XENONCSE2\XENONCSE2\RELEASE_LTCG\BOSSALMO1.OBJ
C:\USERS\ALYX FERRARI\DOCUMENTS\GITHUB\XENONCSE2\XENONCSE2\RELEASE_LTCG\BOSSALMO2.OBJ
C:\USERS\ALYX FERRARI\DOCUMENTS\GITHUB\XENONCSE2\XENONCSE2\RELEASE_LTCG\BOSSBALLOS.OBJ
C:\USERS\ALYX FERRARI\DOCUMENTS\GITHUB\XENONCSE2\XENONCSE2\RELEASE_LTCG\BOSSFROG.OBJ
C:\USERS\ALYX FERRARI\DOCUMENTS\GITHUB\XENONCSE2\XENONCSE2\RELEASE_LTCG\BOSSIRONH.OBJ
C:\USERS\ALYX FERRARI\DOCUMENTS\GITHUB\XENONCSE2\XENONCSE2\RELEASE_LTCG\BOSSLIFE.OBJ
C:\USERS\ALYX FERRARI\DOCUMENTS\GITHUB\XENONCSE2\XENONCSE2\RELEASE_LTCG\BOSSOHM.OBJ
C:\USERS\ALYX FERRARI\DOCUMENTS\GITHUB\XENONCSE2\XENONCSE2\RELEASE_LTCG\BOSSPRESS.OBJ
C:\USERS\ALYX FERRARI\DOCUMENTS\GITHUB\XENONCSE2\XENONCSE2\RELEASE_LTCG\BOSSTWIND.OBJ
C:\USERS\ALYX FERRARI\DOCUMENTS\GITHUB\XENONCSE2\XENONCSE2\RELEASE_LTCG\BOSSX.OBJ
C:\USERS\ALYX FERRARI\DOCUMENTS\GITHUB\XENONCSE2\XENONCSE2\RELEASE_LTCG\BULHIT.OBJ
C:\USERS\ALYX FERRARI\DOCUMENTS\GITHUB\XENONCSE2\XENONCSE2\RELEASE_LTCG\BULLET.OBJ
C:\USERS\ALYX FERRARI\DOCUMENTS\GITHUB\XENONCSE2\XENONCSE2\RELEASE_LTCG\CARET.OBJ
C:\Users\Alyx Ferrari\documents\GitHub\xenonCSE2\xenonCSE2\Release_LTCG\cl.command.1.tlog
C:\Users\Alyx Ferrari\documents\GitHub\xenonCSE2\xenonCSE2\Release_LTCG\CL.read.1.tlog
C:\Users\Alyx Ferrari\documents\GitHub\xenonCSE2\xenonCSE2\Release_LTCG\CL.write.1.tlog
C:\USERS\ALYX FERRARI\DOCUMENTS\GITHUB\XENONCSE2\XENONCSE2\RELEASE_LTCG\CONFIG.OBJ
C:\USERS\ALYX FERRARI\DOCUMENTS\GITHUB\XENONCSE2\XENONCSE2\RELEASE_LTCG\DRAW.OBJ
C:\USERS\ALYX FERRARI\DOCUMENTS\GITHUB\XENONCSE2\XENONCSE2\RELEASE_LTCG\ENDING.OBJ
C:\USERS\ALYX FERRARI\DOCUMENTS\GITHUB\XENONCSE2\XENONCSE2\RELEASE_LTCG\ESCAPE.OBJ
C:\USERS\ALYX FERRARI\DOCUMENTS\GITHUB\XENONCSE2\XENONCSE2\RELEASE_LTCG\FADE.OBJ
C:\USERS\ALYX FERRARI\DOCUMENTS\GITHUB\XENONCSE2\XENONCSE2\RELEASE_LTCG\FILE.OBJ
C:\USERS\ALYX FERRARI\DOCUMENTS\GITHUB\XENONCSE2\XENONCSE2\RELEASE_LTCG\FLAGS.OBJ
C:\USERS\ALYX FERRARI\DOCUMENTS\GITHUB\XENONCSE2\XENONCSE2\RELEASE_LTCG\FLASH.OBJ
C:\USERS\ALYX FERRARI\DOCUMENTS\GITHUB\XENONCSE2\XENONCSE2\RELEASE_LTCG\FONT.OBJ
C:\USERS\ALYX FERRARI\DOCUMENTS\GITHUB\XENONCSE2\XENONCSE2\RELEASE_LTCG\FRAME.OBJ
C:\USERS\ALYX FERRARI\DOCUMENTS\GITHUB\XENONCSE2\XENONCSE2\RELEASE_LTCG\GAME.OBJ
C:\USERS\ALYX FERRARI\DOCUMENTS\GITHUB\XENONCSE2\XENONCSE2\RELEASE_LTCG\GENERIC.OBJ
C:\USERS\ALYX FERRARI\DOCUMENTS\GITHUB\XENONCSE2\XENONCSE2\RELEASE_LTCG\GENERICLOAD.OBJ
C:\USERS\ALYX FERRARI\DOCUMENTS\GITHUB\XENONCSE2\XENONCSE2\RELEASE_LTCG\INPUT.OBJ
C:\USERS\ALYX FERRARI\DOCUMENTS\GITHUB\XENONCSE2\XENONCSE2\RELEASE_LTCG\KEYCONTROL.OBJ
C:\Users\Alyx Ferrari\documents\GitHub\xenonCSE2\xenonCSE2\Release_LTCG\link.command.1.tlog
C:\Users\Alyx Ferrari\documents\GitHub\xenonCSE2\xenonCSE2\Release_LTCG\link.read.1.tlog
C:\Users\Alyx Ferrari\documents\GitHub\xenonCSE2\xenonCSE2\Release_LTCG\link.write.1.tlog
C:\USERS\ALYX FERRARI\DOCUMENTS\GITHUB\XENONCSE2\XENONCSE2\RELEASE_LTCG\MAIN.OBJ
C:\USERS\ALYX FERRARI\DOCUMENTS\GITHUB\XENONCSE2\XENONCSE2\RELEASE_LTCG\MAP.OBJ
C:\USERS\ALYX FERRARI\DOCUMENTS\GITHUB\XENONCSE2\XENONCSE2\RELEASE_LTCG\MAPNAME.OBJ
C:\USERS\ALYX FERRARI\DOCUMENTS\GITHUB\XENONCSE2\XENONCSE2\RELEASE_LTCG\MINIAUDIO.OBJ
C:\USERS\ALYX FERRARI\DOCUMENTS\GITHUB\XENONCSE2\XENONCSE2\RELEASE_LTCG\MINIMAP.OBJ
C:\USERS\ALYX FERRARI\DOCUMENTS\GITHUB\XENONCSE2\XENONCSE2\RELEASE_LTCG\MIXER.OBJ
C:\USERS\ALYX FERRARI\DOCUMENTS\GITHUB\XENONCSE2\XENONCSE2\RELEASE_LTCG\MYCHAR.OBJ
C:\USERS\ALYX FERRARI\DOCUMENTS\GITHUB\XENONCSE2\XENONCSE2\RELEASE_LTCG\MYCHIT.OBJ
C:\USERS\ALYX FERRARI\DOCUMENTS\GITHUB\XENONCSE2\XENONCSE2\RELEASE_LTCG\MYCPARAM.OBJ
C:\USERS\ALYX FERRARI\DOCUMENTS\GITHUB\XENONCSE2\XENONCSE2\RELEASE_LTCG\NPCACT000.OBJ
C:\USERS\ALYX FERRARI\DOCUMENTS\GITHUB\XENONCSE2\XENONCSE2\RELEASE_LTCG\NPCACT020.OBJ
C:\USERS\ALYX FERRARI\DOCUMENTS\GITHUB\XENONCSE2\XENONCSE2\RELEASE_LTCG\NPCACT040.OBJ
C:\USERS\ALYX FERRARI\DOCUMENTS\GITHUB\XENONCSE2\XENONCSE2\RELEASE_LTCG\NPCACT060.OBJ
C:\USERS\ALYX FERRARI\DOCUMENTS\GITHUB\XENONCSE2\XENONCSE2\RELEASE_LTCG\NPCACT080.OBJ
C:\USERS\ALYX FERRARI\DOCUMENTS\GITHUB\XENONCSE2\XENONCSE2\RELEASE_LTCG\NPCACT100.OBJ
C:\USERS\ALYX FERRARI\DOCUMENTS\GITHUB\XENONCSE2\XENONCSE2\RELEASE_LTCG\NPCACT120.OBJ
C:\USERS\ALYX FERRARI\DOCUMENTS\GITHUB\XENONCSE2\XENONCSE2\RELEASE_LTCG\NPCACT140.OBJ
C:\USERS\ALYX FERRARI\DOCUMENTS\GITHUB\XENONCSE2\XENONCSE2\RELEASE_LTCG\NPCACT160.OBJ
C:\USERS\ALYX FERRARI\DOCUMENTS\GITHUB\XENONCSE2\XENONCSE2\RELEASE_LTCG\NPCACT180.OBJ
C:\USERS\ALYX FERRARI\DOCUMENTS\GITHUB\XENONCSE2\XENONCSE2\RELEASE_LTCG\NPCACT200.OBJ
C:\USERS\ALYX FERRARI\DOCUMENTS\GITHUB\XENONCSE2\XENONCSE2\RELEASE_LTCG\NPCACT220.OBJ
C:\USERS\ALYX FERRARI\DOCUMENTS\GITHUB\XENONCSE2\XENONCSE2\RELEASE_LTCG\NPCACT240.OBJ
C:\USERS\ALYX FERRARI\DOCUMENTS\GITHUB\XENONCSE2\XENONCSE2\RELEASE_LTCG\NPCACT260.OBJ
C:\USERS\ALYX FERRARI\DOCUMENTS\GITHUB\XENONCSE2\XENONCSE2\RELEASE_LTCG\NPCACT280.OBJ
C:\USERS\ALYX FERRARI\DOCUMENTS\GITHUB\XENONCSE2\XENONCSE2\RELEASE_LTCG\NPCACT300.OBJ
C:\USERS\ALYX FERRARI\DOCUMENTS\GITHUB\XENONCSE2\XENONCSE2\RELEASE_LTCG\NPCACT320.OBJ
C:\USERS\ALYX FERRARI\DOCUMENTS\GITHUB\XENONCSE2\XENONCSE2\RELEASE_LTCG\NPCACT340.OBJ
C:\USERS\ALYX FERRARI\DOCUMENTS\GITHUB\XENONCSE2\XENONCSE2\RELEASE_LTCG\NPCHAR.OBJ
C:\USERS\ALYX FERRARI\DOCUMENTS\GITHUB\XENONCSE2\XENONCSE2\RELEASE_LTCG\NPCHIT.OBJ
C:\USERS\ALYX FERRARI\DOCUMENTS\GITHUB\XENONCSE2\XENONCSE2\RELEASE_LTCG\NPCTBL.OBJ
C:\USERS\ALYX FERRARI\DOCUMENTS\GITHUB\XENONCSE2\XENONCSE2\RELEASE_LTCG\NULL.OBJ
C:\USERS\ALYX FERRARI\DOCUMENTS\GITHUB\XENONCSE2\XENONCSE2\RELEASE_LTCG\NULLAUDIO.OBJ
C:\USERS\ALYX FERRARI\DOCUMENTS\GITHUB\XENONCSE2\XENONCSE2\RELEASE_LTCG\NULLCONTROLLER.OBJ
C:\USERS\ALYX FERRARI\DOCUMENTS\GITHUB\XENONCSE2\XENONCSE2\RELEASE_LTCG\NULLPLATFORM.OBJ
C:\USERS\ALYX FERRARI\DOCUMENTS\GITHUB\XENONCSE2\XENONCSE2\RELEASE_LTCG\NULLSOFTWAREWINDOWRENDER.OBJ
C:\USERS\ALYX FERRARI\DOCUMENTS\GITHUB\XENONCSE2\XENONCSE2\RELEASE_LTCG\ORGANYA.OBJ
C:\USERS\ALYX FERRARI\DOCUMENTS\GITHUB\XENONCSE2\XENONCSE2\RELEASE_LTCG\PIXTONE.OBJ
C:\USERS\ALYX FERRARI\DOCUMENTS\GITHUB\XENONCSE2\XENONCSE2\RELEASE_LTCG\PROFILE.OBJ
C:\USERS\ALYX FERRARI\DOCUMENTS\GITHUB\XENONCSE2\XENONCSE2\RELEASE_LTCG\RANDOM.OBJ
C:\USERS\ALYX FERRARI\DOCUMENTS\GITHUB\XENONCSE2\XENONCSE2\RELEASE_LTCG\RESOURCE.OBJ
C:\USERS\ALYX FERRARI\DOCUMENTS\GITHUB\XENONCSE2\XENONCSE2\RELEASE_LTCG\SELSTAGE.OBJ
C:\USERS\ALYX FERRARI\DOCUMENTS\GITHUB\XENONCSE2\XENONCSE2\RELEASE_LTCG\SHOOT.OBJ
C:\USERS\ALYX FERRARI\DOCUMENTS\GITHUB\XENONCSE2\XENONCSE2\RELEASE_LTCG\SOFTWARE.OBJ
C:\USERS\ALYX FERRARI\DOCUMENTS\GITHUB\XENONCSE2\XENONCSE2\RELEASE_LTCG\SOFTWAREMIXER.OBJ
C:\USERS\ALYX FERRARI\DOCUMENTS\GITHUB\XENONCSE2\XENONCSE2\RELEASE_LTCG\SOUND.OBJ
C:\USERS\ALYX FERRARI\DOCUMENTS\GITHUB\XENONCSE2\XENONCSE2\RELEASE_LTCG\STAGE.OBJ
C:\USERS\ALYX FERRARI\DOCUMENTS\GITHUB\XENONCSE2\XENONCSE2\RELEASE_LTCG\STAR.OBJ
C:\USERS\ALYX FERRARI\DOCUMENTS\GITHUB\XENONCSE2\XENONCSE2\RELEASE_LTCG\TEXTSCR.OBJ
C:\USERS\ALYX FERRARI\DOCUMENTS\GITHUB\XENONCSE2\XENONCSE2\RELEASE_LTCG\TRIANGLE.OBJ
C:\USERS\ALYX FERRARI\DOCUMENTS\GITHUB\XENONCSE2\XENONCSE2\RELEASE_LTCG\VALUEVIEW.OBJ
C:\USERS\ALYX FERRARI\DOCUMENTS\GITHUB\XENONCSE2\XENONCSE2\RELEASE_LTCG\VC100.PDB
C:\USERS\ALYX FERRARI\DOCUMENTS\GITHUB\XENONCSE2\XENONCSE2\RELEASE_LTCG\XENONCSE2.EXE
C:\USERS\ALYX FERRARI\DOCUMENTS\GITHUB\XENONCSE2\XENONCSE2\RELEASE_LTCG\XENONCSE2.PDB
C:\Users\Alyx Ferrari\documents\GitHub\xenonCSE2\xenonCSE2\Release_LTCG\xenonCSE2.vcxprojResolveAssemblyReference.cache
C:\Users\Alyx Ferrari\documents\GitHub\xenonCSE2\xenonCSE2\Release_LTCG\xenonCSE2.write.1.tlog
C:\Users\Alyx Ferrari\documents\GitHub\xenonCSE2\xenonCSE2\Release_LTCG\xenonCSE2.xdb
C:\Users\Alyx Ferrari\documents\GitHub\xenonCSE2\xenonCSE2\Release_LTCG\xenonCSE2.xex
